2021-07-04 17:32:44,372:INFO:PyCaret Supervised Module
2021-07-04 17:32:44,372:INFO:ML Usecase: regression
2021-07-04 17:32:44,372:INFO:version 2.3.1
2021-07-04 17:32:44,372:INFO:Initializing setup()
2021-07-04 17:32:44,372:INFO:setup(target=SalePrice, ml_usecase=regression, available_plots={'parameter': 'Hyperparameters', 'residuals': 'Residuals', 'error': 'Prediction Error', 'cooks': 'Cooks Distance', 'rfe': 'Feature Selection', 'learning': 'Learning Curve', 'manifold': 'Manifold Learning', 'vc': 'Validation Curve', 'feature': 'Feature Importance', 'feature_all': 'Feature Importance (All)', 'tree': 'Decision Tree', 'residuals_interactive': 'Interactive Residuals'}, train_size=0.7, test_data=None, preprocess=True, imputation_type=simple, iterative_imputation_iters=5, categorical_features=None, categorical_imputation=constant, categorical_iterative_imputer=lightgbm, ordinal_features=None, high_cardinality_features=None, high_cardinality_method=frequency, numeric_features=['OverallCond', 'OverallQual', 'GarageCars'], numeric_imputation=mean, numeric_iterative_imputer=lightgbm, date_features=None, ignore_features=None, normalize=True, normalize_method=zscore, transformation=False, transformation_method=yeo-johnson, handle_unknown_categorical=True, unknown_categorical_method=least_frequent, pca=False, pca_method=linear, pca_components=None, ignore_low_variance=False, combine_rare_levels=False, rare_level_threshold=0.1, bin_numeric_features=None, remove_outliers=True, outliers_threshold=0.2, remove_multicollinearity=False, multicollinearity_threshold=0.9, remove_perfect_collinearity=True, create_clusters=False, cluster_iter=20, polynomial_features=False, polynomial_degree=2, trigonometry_features=False, polynomial_threshold=0.1, group_features=None, group_names=None, feature_selection=True, feature_selection_threshold=0.8, feature_selection_method=classic, feature_interaction=False, feature_ratio=False, interaction_threshold=0.01, fix_imbalance=False, fix_imbalance_method=None, transform_target=False, transform_target_method=box-cox, data_split_shuffle=True, data_split_stratify=False, fold_strategy=kfold, fold=10, fold_shuffle=False, fold_groups=None, n_jobs=-1, use_gpu=False, custom_pipeline=None, html=True, session_id=None, log_experiment=False, experiment_name=None, log_plots=False, log_profile=False, log_data=False, silent=False, verbose=True, profile=False, profile_kwargs=None, display=None)
2021-07-04 17:32:44,373:INFO:Checking environment
2021-07-04 17:32:44,373:INFO:python_version: 3.8.5
2021-07-04 17:32:44,373:INFO:python_build: ('default', 'Jan 27 2021 15:41:15')
2021-07-04 17:32:44,373:INFO:machine: x86_64
2021-07-04 17:32:44,615:INFO:platform: Linux-5.4.72-microsoft-standard-WSL2-x86_64-with-glibc2.29
2021-07-04 17:32:44,615:WARNING:cannot find psutil installation. memory not traceable. Install psutil using pip to enable memory logging.
2021-07-04 17:32:44,615:INFO:Checking libraries
2021-07-04 17:32:44,615:INFO:pd==1.2.5
2021-07-04 17:32:44,615:INFO:numpy==1.19.5
2021-07-04 17:32:44,615:INFO:sklearn==0.23.2
2021-07-04 17:32:44,616:INFO:lightgbm==3.2.1
2021-07-04 17:32:44,616:WARNING:catboost not found
2021-07-04 17:32:44,659:INFO:xgboost==1.4.2
2021-07-04 17:32:45,536:INFO:mlflow==1.18.0
2021-07-04 17:32:45,536:INFO:Checking Exceptions
2021-07-04 17:32:45,536:INFO:Declaring global variables
2021-07-04 17:32:45,536:INFO:USI: 7048
2021-07-04 17:32:45,536:INFO:pycaret_globals: {'display_container', 'target_param', '_ml_usecase', 'data_before_preprocess', 'fold_groups_param', 'create_model_container', 'imputation_regressor', '_all_metrics', 'iterative_imputation_iters_param', '_all_models_internal', 'y', 'prep_pipe', 'fold_generator', 'imputation_classifier', '_all_models', 'logging_param', 'transform_target_method_param', 'fix_imbalance_method_param', 'seed', 'stratify_param', 'transform_target_param', 'USI', 'y_test', 'exp_name_log', 'X', 'pycaret_globals', 'html_param', 'log_plots_param', 'gpu_param', 'X_test', 'y_train', 'fold_groups_param_full', 'X_train', '_available_plots', 'fold_param', 'fix_imbalance_param', 'experiment__', '_gpu_n_jobs_param', 'master_model_container', 'n_jobs_param', 'fold_shuffle_param', '_internal_pipeline'}
2021-07-04 17:32:45,536:INFO:Preparing display monitor
2021-07-04 17:32:45,536:INFO:Preparing display monitor
2021-07-04 17:32:45,553:INFO:Importing libraries
2021-07-04 17:32:45,554:INFO:Copying data for preprocessing
2021-07-04 17:32:45,564:INFO:Declaring preprocessing parameters
2021-07-04 17:32:45,567:INFO:Creating preprocessing pipeline
2021-07-04 17:32:45,611:INFO:Preprocessing pipeline created successfully
2021-07-04 17:32:45,611:ERROR:(Process Exit): setup has been interupted with user command 'quit'. setup must rerun.
2021-07-04 17:32:45,611:INFO:Creating global containers
2021-07-04 17:32:45,613:INFO:Internal pipeline: Pipeline(memory=None, steps=[('empty_step', 'passthrough')], verbose=False)
2021-07-04 17:32:52,515:WARNING:Couldn't import catboost.CatBoostRegressor
2021-07-04 17:32:52,654:WARNING:Couldn't import catboost.CatBoostRegressor
2021-07-04 17:32:52,655:INFO:Creating grid variables
2021-07-04 17:32:52,677:INFO:create_model_container: 0
2021-07-04 17:32:52,677:INFO:master_model_container: 0
2021-07-04 17:32:52,677:INFO:display_container: 1
2021-07-04 17:32:52,685:INFO:Pipeline(memory=None,
         steps=[('dtypes',
                 DataTypes_Auto_infer(categorical_features=[],
                                      display_types=True, features_todrop=[],
                                      id_columns=['Id'],
                                      ml_usecase='regression',
                                      numerical_features=['OverallCond',
                                                          'OverallQual',
                                                          'GarageCars'],
                                      target='SalePrice', time_features=[])),
                ('imputer',
                 Simple_Imputer(categorical_strategy='not_available',
                                fill_value_categorical=N...
                ('fix_perfect', Remove_100(target='SalePrice')),
                ('clean_names', Clean_Colum_Names()),
                ('feature_select',
                 Advanced_Feature_Selection_Classic(ml_usecase='regression',
                                                    n_jobs=-1, random_state=716,
                                                    subclass='binary',
                                                    target='SalePrice',
                                                    top_features_to_pick=0.19999999999999996)),
                ('fix_multi', 'passthrough'), ('dfs', 'passthrough'),
                ('pca', 'passthrough')],
         verbose=False)
2021-07-04 17:32:52,685:INFO:setup() succesfully completed......................................
2021-07-04 17:36:32,018:INFO:PyCaret Supervised Module
2021-07-04 17:36:32,018:INFO:ML Usecase: regression
2021-07-04 17:36:32,018:INFO:version 2.3.1
2021-07-04 17:36:32,018:INFO:Initializing setup()
2021-07-04 17:36:32,018:INFO:setup(target=SalePrice, ml_usecase=regression, available_plots={'parameter': 'Hyperparameters', 'residuals': 'Residuals', 'error': 'Prediction Error', 'cooks': 'Cooks Distance', 'rfe': 'Feature Selection', 'learning': 'Learning Curve', 'manifold': 'Manifold Learning', 'vc': 'Validation Curve', 'feature': 'Feature Importance', 'feature_all': 'Feature Importance (All)', 'tree': 'Decision Tree', 'residuals_interactive': 'Interactive Residuals'}, train_size=0.7, test_data=None, preprocess=True, imputation_type=simple, iterative_imputation_iters=5, categorical_features=None, categorical_imputation=constant, categorical_iterative_imputer=lightgbm, ordinal_features=None, high_cardinality_features=None, high_cardinality_method=frequency, numeric_features=['OverallCond', 'OverallQual', 'GarageCars'], numeric_imputation=mean, numeric_iterative_imputer=lightgbm, date_features=None, ignore_features=None, normalize=True, normalize_method=zscore, transformation=False, transformation_method=yeo-johnson, handle_unknown_categorical=True, unknown_categorical_method=least_frequent, pca=False, pca_method=linear, pca_components=None, ignore_low_variance=False, combine_rare_levels=False, rare_level_threshold=0.1, bin_numeric_features=None, remove_outliers=True, outliers_threshold=0.2, remove_multicollinearity=False, multicollinearity_threshold=0.9, remove_perfect_collinearity=True, create_clusters=False, cluster_iter=20, polynomial_features=False, polynomial_degree=2, trigonometry_features=False, polynomial_threshold=0.1, group_features=None, group_names=None, feature_selection=True, feature_selection_threshold=0.8, feature_selection_method=classic, feature_interaction=False, feature_ratio=False, interaction_threshold=0.01, fix_imbalance=False, fix_imbalance_method=None, transform_target=False, transform_target_method=box-cox, data_split_shuffle=True, data_split_stratify=False, fold_strategy=kfold, fold=10, fold_shuffle=False, fold_groups=None, n_jobs=-1, use_gpu=False, custom_pipeline=None, html=True, session_id=None, log_experiment=False, experiment_name=None, log_plots=False, log_profile=False, log_data=False, silent=False, verbose=True, profile=False, profile_kwargs=None, display=None)
2021-07-04 17:36:32,018:INFO:Checking environment
2021-07-04 17:36:32,018:INFO:python_version: 3.8.5
2021-07-04 17:36:32,018:INFO:python_build: ('default', 'Jan 27 2021 15:41:15')
2021-07-04 17:36:32,018:INFO:machine: x86_64
2021-07-04 17:36:32,018:INFO:platform: Linux-5.4.72-microsoft-standard-WSL2-x86_64-with-glibc2.29
2021-07-04 17:36:32,018:WARNING:cannot find psutil installation. memory not traceable. Install psutil using pip to enable memory logging.
2021-07-04 17:36:32,018:INFO:Checking libraries
2021-07-04 17:36:32,018:INFO:pd==1.2.5
2021-07-04 17:36:32,018:INFO:numpy==1.19.5
2021-07-04 17:36:32,019:INFO:sklearn==0.23.2
2021-07-04 17:36:32,019:INFO:lightgbm==3.2.1
2021-07-04 17:36:32,019:WARNING:catboost not found
2021-07-04 17:36:32,019:INFO:xgboost==1.4.2
2021-07-04 17:36:32,019:INFO:mlflow==1.18.0
2021-07-04 17:36:32,019:INFO:Checking Exceptions
2021-07-04 17:36:32,019:INFO:Declaring global variables
2021-07-04 17:36:32,019:INFO:USI: 1196
2021-07-04 17:36:32,019:INFO:pycaret_globals: {'display_container', 'target_param', '_ml_usecase', 'data_before_preprocess', 'fold_groups_param', 'create_model_container', 'imputation_regressor', '_all_metrics', 'iterative_imputation_iters_param', '_all_models_internal', 'y', 'prep_pipe', 'fold_generator', 'imputation_classifier', '_all_models', 'logging_param', 'transform_target_method_param', 'fix_imbalance_method_param', 'seed', 'stratify_param', 'transform_target_param', 'USI', 'y_test', 'exp_name_log', 'X', 'pycaret_globals', 'html_param', 'log_plots_param', 'gpu_param', 'X_test', 'y_train', 'fold_groups_param_full', 'X_train', '_available_plots', 'fold_param', 'fix_imbalance_param', 'experiment__', '_gpu_n_jobs_param', 'master_model_container', 'n_jobs_param', 'fold_shuffle_param', '_internal_pipeline'}
2021-07-04 17:36:32,019:INFO:Preparing display monitor
2021-07-04 17:36:32,019:INFO:Preparing display monitor
2021-07-04 17:36:32,032:INFO:Importing libraries
2021-07-04 17:36:32,033:INFO:Copying data for preprocessing
2021-07-04 17:36:32,041:INFO:Declaring preprocessing parameters
2021-07-04 17:36:32,043:INFO:Creating preprocessing pipeline
2021-07-04 17:36:32,080:INFO:Preprocessing pipeline created successfully
2021-07-04 17:36:32,080:ERROR:(Process Exit): setup has been interupted with user command 'quit'. setup must rerun.
2021-07-04 17:36:32,080:INFO:Creating global containers
2021-07-04 17:36:32,081:INFO:Internal pipeline: Pipeline(memory=None, steps=[('empty_step', 'passthrough')], verbose=False)
2021-07-04 17:36:35,464:WARNING:Couldn't import catboost.CatBoostRegressor
2021-07-04 17:36:35,601:WARNING:Couldn't import catboost.CatBoostRegressor
2021-07-04 17:36:35,602:INFO:Creating grid variables
2021-07-04 17:36:35,623:INFO:create_model_container: 0
2021-07-04 17:36:35,624:INFO:master_model_container: 0
2021-07-04 17:36:35,624:INFO:display_container: 1
2021-07-04 17:36:35,630:INFO:Pipeline(memory=None,
         steps=[('dtypes',
                 DataTypes_Auto_infer(categorical_features=[],
                                      display_types=True, features_todrop=[],
                                      id_columns=['Id'],
                                      ml_usecase='regression',
                                      numerical_features=['OverallCond',
                                                          'OverallQual',
                                                          'GarageCars'],
                                      target='SalePrice', time_features=[])),
                ('imputer',
                 Simple_Imputer(categorical_strategy='not_available',
                                fill_value_categorical=N...
                ('fix_perfect', Remove_100(target='SalePrice')),
                ('clean_names', Clean_Colum_Names()),
                ('feature_select',
                 Advanced_Feature_Selection_Classic(ml_usecase='regression',
                                                    n_jobs=-1,
                                                    random_state=7166,
                                                    subclass='binary',
                                                    target='SalePrice',
                                                    top_features_to_pick=0.19999999999999996)),
                ('fix_multi', 'passthrough'), ('dfs', 'passthrough'),
                ('pca', 'passthrough')],
         verbose=False)
2021-07-04 17:36:35,630:INFO:setup() succesfully completed......................................
2021-07-04 17:36:36,066:INFO:Initializing get_config()
2021-07-04 17:36:36,067:INFO:get_config(variable=X)
2021-07-04 17:36:36,081:INFO:Global variable: X returned as       Neighborhood_Timber  TotRmsAbvGrd_7  GarageType_Detchd  KitchenQual_Fa  \
0                     0.0             0.0                0.0             0.0   
1                     0.0             0.0                0.0             0.0   
2                     0.0             0.0                0.0             0.0   
3                     0.0             1.0                1.0             0.0   
4                     0.0             0.0                0.0             0.0   
...                   ...             ...                ...             ...   
1455                  0.0             1.0                0.0             0.0   
1456                  0.0             1.0                0.0             0.0   
1457                  0.0             0.0                0.0             0.0   
1458                  0.0             0.0                0.0             0.0   
1459                  0.0             0.0                0.0             0.0   

      Neighborhood_Crawfor  PavedDrive_N  BsmtFinType1_Unf  \
0                      0.0           0.0               0.0   
1                      0.0           0.0               0.0   
2                      0.0           0.0               0.0   
3                      1.0           0.0               0.0   
4                      0.0           0.0               0.0   
...                    ...           ...               ...   
1455                   0.0           0.0               1.0   
1456                   0.0           0.0               0.0   
1457                   1.0           0.0               0.0   
1458                   0.0           0.0               0.0   
1459                   0.0           0.0               0.0   

      Neighborhood_BrDale  MiscVal_400  Fence_GdPrv  ...  BsmtFinType2_Unf  \
0                     0.0          0.0          0.0  ...               1.0   
1                     0.0          0.0          0.0  ...               1.0   
2                     0.0          0.0          0.0  ...               1.0   
3                     0.0          0.0          0.0  ...               1.0   
4                     0.0          0.0          0.0  ...               1.0   
...                   ...          ...          ...  ...               ...   
1455                  0.0          0.0          0.0  ...               1.0   
1456                  0.0          0.0          0.0  ...               0.0   
1457                  0.0          0.0          1.0  ...               1.0   
1458                  0.0          0.0          0.0  ...               0.0   
1459                  0.0          0.0          0.0  ...               0.0   

      RoofStyle_Gambrel  LandContour_Lvl  MoSold_7  BedroomAbvGr_5  \
0                   0.0              1.0       0.0             0.0   
1                   0.0              1.0       0.0             0.0   
2                   0.0              1.0       0.0             0.0   
3                   0.0              1.0       0.0             0.0   
4                   0.0              1.0       0.0             0.0   
...                 ...              ...       ...             ...   
1455                0.0              1.0       0.0             0.0   
1456                0.0              1.0       0.0             0.0   
1457                0.0              1.0       0.0             0.0   
1458                0.0              1.0       0.0             0.0   
1459                0.0              1.0       0.0             0.0   

      BsmtQual_Ex  FullBath_3  WoodDeckSF  LandContour_Bnk  Fence_MnPrv  
0             0.0         0.0   -0.771313              0.0          0.0  
1             0.0         0.0    1.584419              0.0          0.0  
2             0.0         0.0   -0.771313              0.0          0.0  
3             0.0         0.0   -0.771313              0.0          0.0  
4             0.0         0.0    0.746475              0.0          0.0  
...           ...         ...         ...              ...          ...  
1455          0.0         0.0   -0.771313              0.0          0.0  
1456          0.0         0.0    1.987582              0.0          1.0  
1457          0.0         0.0   -0.771313              0.0          0.0  
1458          0.0         0.0    2.121969              0.0          0.0  
1459          0.0         0.0    5.046872              0.0          0.0  

[1460 rows x 274 columns]
2021-07-04 17:36:36,082:INFO:get_config() succesfully completed......................................
2021-07-04 17:36:36,082:INFO:Initializing get_config()
2021-07-04 17:36:36,082:INFO:get_config(variable=Y)
2021-07-04 17:36:49,214:INFO:PyCaret Supervised Module
2021-07-04 17:36:49,214:INFO:ML Usecase: regression
2021-07-04 17:36:49,214:INFO:version 2.3.1
2021-07-04 17:36:49,214:INFO:Initializing setup()
2021-07-04 17:36:49,214:INFO:setup(target=SalePrice, ml_usecase=regression, available_plots={'parameter': 'Hyperparameters', 'residuals': 'Residuals', 'error': 'Prediction Error', 'cooks': 'Cooks Distance', 'rfe': 'Feature Selection', 'learning': 'Learning Curve', 'manifold': 'Manifold Learning', 'vc': 'Validation Curve', 'feature': 'Feature Importance', 'feature_all': 'Feature Importance (All)', 'tree': 'Decision Tree', 'residuals_interactive': 'Interactive Residuals'}, train_size=0.7, test_data=None, preprocess=True, imputation_type=simple, iterative_imputation_iters=5, categorical_features=None, categorical_imputation=constant, categorical_iterative_imputer=lightgbm, ordinal_features=None, high_cardinality_features=None, high_cardinality_method=frequency, numeric_features=['OverallCond', 'OverallQual', 'GarageCars'], numeric_imputation=mean, numeric_iterative_imputer=lightgbm, date_features=None, ignore_features=None, normalize=True, normalize_method=zscore, transformation=False, transformation_method=yeo-johnson, handle_unknown_categorical=True, unknown_categorical_method=least_frequent, pca=False, pca_method=linear, pca_components=None, ignore_low_variance=False, combine_rare_levels=False, rare_level_threshold=0.1, bin_numeric_features=None, remove_outliers=True, outliers_threshold=0.2, remove_multicollinearity=False, multicollinearity_threshold=0.9, remove_perfect_collinearity=True, create_clusters=False, cluster_iter=20, polynomial_features=False, polynomial_degree=2, trigonometry_features=False, polynomial_threshold=0.1, group_features=None, group_names=None, feature_selection=True, feature_selection_threshold=0.8, feature_selection_method=classic, feature_interaction=False, feature_ratio=False, interaction_threshold=0.01, fix_imbalance=False, fix_imbalance_method=None, transform_target=False, transform_target_method=box-cox, data_split_shuffle=True, data_split_stratify=False, fold_strategy=kfold, fold=10, fold_shuffle=False, fold_groups=None, n_jobs=-1, use_gpu=False, custom_pipeline=None, html=True, session_id=None, log_experiment=False, experiment_name=None, log_plots=False, log_profile=False, log_data=False, silent=False, verbose=True, profile=False, profile_kwargs=None, display=None)
2021-07-04 17:36:49,214:INFO:Checking environment
2021-07-04 17:36:49,214:INFO:python_version: 3.8.5
2021-07-04 17:36:49,214:INFO:python_build: ('default', 'Jan 27 2021 15:41:15')
2021-07-04 17:36:49,214:INFO:machine: x86_64
2021-07-04 17:36:49,214:INFO:platform: Linux-5.4.72-microsoft-standard-WSL2-x86_64-with-glibc2.29
2021-07-04 17:36:49,214:WARNING:cannot find psutil installation. memory not traceable. Install psutil using pip to enable memory logging.
2021-07-04 17:36:49,214:INFO:Checking libraries
2021-07-04 17:36:49,214:INFO:pd==1.2.5
2021-07-04 17:36:49,214:INFO:numpy==1.19.5
2021-07-04 17:36:49,214:INFO:sklearn==0.23.2
2021-07-04 17:36:49,214:INFO:lightgbm==3.2.1
2021-07-04 17:36:49,215:WARNING:catboost not found
2021-07-04 17:36:49,215:INFO:xgboost==1.4.2
2021-07-04 17:36:49,215:INFO:mlflow==1.18.0
2021-07-04 17:36:49,215:INFO:Checking Exceptions
2021-07-04 17:36:49,215:INFO:Declaring global variables
2021-07-04 17:36:49,215:INFO:USI: 0b45
2021-07-04 17:36:49,215:INFO:pycaret_globals: {'display_container', 'target_param', '_ml_usecase', 'data_before_preprocess', 'fold_groups_param', 'create_model_container', 'imputation_regressor', '_all_metrics', 'iterative_imputation_iters_param', '_all_models_internal', 'y', 'prep_pipe', 'fold_generator', 'imputation_classifier', '_all_models', 'logging_param', 'transform_target_method_param', 'fix_imbalance_method_param', 'seed', 'stratify_param', 'transform_target_param', 'USI', 'y_test', 'exp_name_log', 'X', 'pycaret_globals', 'html_param', 'log_plots_param', 'gpu_param', 'X_test', 'y_train', 'fold_groups_param_full', 'X_train', '_available_plots', 'fold_param', 'fix_imbalance_param', 'experiment__', '_gpu_n_jobs_param', 'master_model_container', 'n_jobs_param', 'fold_shuffle_param', '_internal_pipeline'}
2021-07-04 17:36:49,215:INFO:Preparing display monitor
2021-07-04 17:36:49,215:INFO:Preparing display monitor
2021-07-04 17:36:49,229:INFO:Importing libraries
2021-07-04 17:36:49,229:INFO:Copying data for preprocessing
2021-07-04 17:36:49,239:INFO:Declaring preprocessing parameters
2021-07-04 17:36:49,241:INFO:Creating preprocessing pipeline
2021-07-04 17:36:49,276:INFO:Preprocessing pipeline created successfully
2021-07-04 17:36:49,277:ERROR:(Process Exit): setup has been interupted with user command 'quit'. setup must rerun.
2021-07-04 17:36:49,277:INFO:Creating global containers
2021-07-04 17:36:49,277:INFO:Internal pipeline: Pipeline(memory=None, steps=[('empty_step', 'passthrough')], verbose=False)
2021-07-04 17:36:52,256:WARNING:Couldn't import catboost.CatBoostRegressor
2021-07-04 17:36:52,406:WARNING:Couldn't import catboost.CatBoostRegressor
2021-07-04 17:36:52,406:INFO:Creating grid variables
2021-07-04 17:36:52,434:INFO:create_model_container: 0
2021-07-04 17:36:52,434:INFO:master_model_container: 0
2021-07-04 17:36:52,435:INFO:display_container: 1
2021-07-04 17:36:52,441:INFO:Pipeline(memory=None,
         steps=[('dtypes',
                 DataTypes_Auto_infer(categorical_features=[],
                                      display_types=True, features_todrop=[],
                                      id_columns=['Id'],
                                      ml_usecase='regression',
                                      numerical_features=['OverallCond',
                                                          'OverallQual',
                                                          'GarageCars'],
                                      target='SalePrice', time_features=[])),
                ('imputer',
                 Simple_Imputer(categorical_strategy='not_available',
                                fill_value_categorical=N...
                ('fix_perfect', Remove_100(target='SalePrice')),
                ('clean_names', Clean_Colum_Names()),
                ('feature_select',
                 Advanced_Feature_Selection_Classic(ml_usecase='regression',
                                                    n_jobs=-1,
                                                    random_state=6233,
                                                    subclass='binary',
                                                    target='SalePrice',
                                                    top_features_to_pick=0.19999999999999996)),
                ('fix_multi', 'passthrough'), ('dfs', 'passthrough'),
                ('pca', 'passthrough')],
         verbose=False)
2021-07-04 17:36:52,441:INFO:setup() succesfully completed......................................
2021-07-04 17:36:52,898:INFO:Initializing get_config()
2021-07-04 17:36:52,898:INFO:get_config(variable=X)
2021-07-04 17:36:52,910:INFO:Global variable: X returned as       WoodDeckSF  Neighborhood_Timber  TotRmsAbvGrd_7  GarageType_Detchd  \
0      -0.735494                  0.0             0.0                0.0   
1       1.629219                  0.0             0.0                0.0   
2      -0.735494                  0.0             0.0                0.0   
3      -0.735494                  0.0             1.0                1.0   
4       0.788080                  0.0             0.0                0.0   
...          ...                  ...             ...                ...   
1455   -0.735494                  0.0             1.0                0.0   
1456    2.033918                  0.0             1.0                0.0   
1457   -0.735494                  0.0             0.0                0.0   
1458    2.168818                  0.0             0.0                0.0   
1459    5.104871                  0.0             0.0                0.0   

      KitchenQual_Fa  Neighborhood_Crawfor  PavedDrive_N  BsmtFinType1_Unf  \
0                0.0                   0.0           0.0               0.0   
1                0.0                   0.0           0.0               0.0   
2                0.0                   0.0           0.0               0.0   
3                0.0                   1.0           0.0               0.0   
4                0.0                   0.0           0.0               0.0   
...              ...                   ...           ...               ...   
1455             0.0                   0.0           0.0               1.0   
1456             0.0                   0.0           0.0               0.0   
1457             0.0                   1.0           0.0               0.0   
1458             0.0                   0.0           0.0               0.0   
1459             0.0                   0.0           0.0               0.0   

      Neighborhood_BrDale  MiscVal_400  ...  BsmtFinType2_Unf  \
0                     0.0          0.0  ...               1.0   
1                     0.0          0.0  ...               1.0   
2                     0.0          0.0  ...               1.0   
3                     0.0          0.0  ...               1.0   
4                     0.0          0.0  ...               1.0   
...                   ...          ...  ...               ...   
1455                  0.0          0.0  ...               1.0   
1456                  0.0          0.0  ...               0.0   
1457                  0.0          0.0  ...               1.0   
1458                  0.0          0.0  ...               0.0   
1459                  0.0          0.0  ...               0.0   

      RoofStyle_Gambrel  LandContour_Lvl  MoSold_7  BedroomAbvGr_5  \
0                   0.0              1.0       0.0             0.0   
1                   0.0              1.0       0.0             0.0   
2                   0.0              1.0       0.0             0.0   
3                   0.0              1.0       0.0             0.0   
4                   0.0              1.0       0.0             0.0   
...                 ...              ...       ...             ...   
1455                0.0              1.0       0.0             0.0   
1456                0.0              1.0       0.0             0.0   
1457                0.0              1.0       0.0             0.0   
1458                0.0              1.0       0.0             0.0   
1459                0.0              1.0       0.0             0.0   

      BsmtQual_Ex  FullBath_3  LotConfig_FR3  LandContour_Bnk  Fence_MnPrv  
0             0.0         0.0            0.0              0.0          0.0  
1             0.0         0.0            0.0              0.0          0.0  
2             0.0         0.0            0.0              0.0          0.0  
3             0.0         0.0            0.0              0.0          0.0  
4             0.0         0.0            0.0              0.0          0.0  
...           ...         ...            ...              ...          ...  
1455          0.0         0.0            0.0              0.0          0.0  
1456          0.0         0.0            0.0              0.0          1.0  
1457          0.0         0.0            0.0              0.0          0.0  
1458          0.0         0.0            0.0              0.0          0.0  
1459          0.0         0.0            0.0              0.0          0.0  

[1460 rows x 281 columns]
2021-07-04 17:36:52,910:INFO:get_config() succesfully completed......................................
2021-07-04 17:36:52,910:INFO:Initializing get_config()
2021-07-04 17:36:52,910:INFO:get_config(variable=y)
2021-07-04 17:36:52,912:INFO:Global variable: y returned as 0       208500.0
1       181500.0
2       223500.0
3       140000.0
4       250000.0
          ...   
1455    175000.0
1456    210000.0
1457    266500.0
1458    142125.0
1459    147500.0
Name: SalePrice, Length: 1460, dtype: float32
2021-07-04 17:36:52,912:INFO:get_config() succesfully completed......................................
